.....2025/08/10 15:37:50 server.go:3638: http: panic serving [::1]:55685: runtime error: invalid memory address or nil pointer dereference
goroutine 35 [running]:
net/http.(*conn).serve.func1()
	C:/Program Files/Go/src/net/http/server.go:1947 +0xbe
panic({0xfdb380?, 0x1281b60?})
	C:/Program Files/Go/src/runtime/panic.go:792 +0x132
log.(*Logger).output(0xc00002e1a0?, 0xc0000124e0?, 0x2e?, 0xc0000001c0?)
	C:/Program Files/Go/src/log/log.go:203 +0x34
log.(*Logger).Output(0xc000117ab8?, 0x1?, {0xc000012510?, 0xc000030070?})
	C:/Program Files/Go/src/log/log.go:195 +0x3c
log.(*Logger).Fatal(0x0, {0xc000117ab8?, 0x103b5e5?, 0x2d?})
	C:/Program Files/Go/src/log/log.go:283 +0x3b
github.com/Yandex-Practicum/go1fl-sprint6-final/internal/handlers.Handler2({0x109e820, 0xc0000001c0}, 0xc000182500)
	C:/Users/Евгений/Dev/Sprint6-final/Sprint6/internal/handlers/handlers.go:38 +0x146
net/http.HandlerFunc.ServeHTTP(0xc0000c40c0?, {0x109e820?, 0xc0000001c0?}, 0xf2eb56?)
	C:/Program Files/Go/src/net/http/server.go:2294 +0x29
net/http.(*ServeMux).ServeHTTP(0xd9bc99?, {0x109e820, 0xc0000001c0}, 0xc000182500)
	C:/Program Files/Go/src/net/http/server.go:2822 +0x1c4
net/http.serverHandler.ServeHTTP({0xc00009b8f0?}, {0x109e820?, 0xc0000001c0?}, 0x6?)
	C:/Program Files/Go/src/net/http/server.go:3301 +0x8e
net/http.(*conn).serve(0xc00010a090, {0x109eb58, 0xc00009b230})
	C:/Program Files/Go/src/net/http/server.go:2102 +0x625
created by net/http.(*Server).Serve in goroutine 1
	C:/Program Files/Go/src/net/http/server.go:3454 +0x485
.....2025/08/10 15:37:50 server.go:3638: http: panic serving [::1]:55686: runtime error: invalid memory address or nil pointer dereference
goroutine 36 [running]:
net/http.(*conn).serve.func1()
	C:/Program Files/Go/src/net/http/server.go:1947 +0xbe
panic({0xfdb380?, 0x1281b60?})
	C:/Program Files/Go/src/runtime/panic.go:792 +0x132
log.(*Logger).output(0xc0001300d0?, 0xc000138000?, 0x2e?, 0xc0001240e0?)
	C:/Program Files/Go/src/log/log.go:203 +0x34
log.(*Logger).Output(0xc000111ab8?, 0x1?, {0xc000138030?, 0xc00011e050?})
	C:/Program Files/Go/src/log/log.go:195 +0x3c
log.(*Logger).Fatal(0x0, {0xc000111ab8?, 0x103b5e5?, 0x2d?})
	C:/Program Files/Go/src/log/log.go:283 +0x3b
github.com/Yandex-Practicum/go1fl-sprint6-final/internal/handlers.Handler2({0x109e820, 0xc0001240e0}, 0xc000182640)
	C:/Users/Евгений/Dev/Sprint6-final/Sprint6/internal/handlers/handlers.go:38 +0x146
net/http.HandlerFunc.ServeHTTP(0xc0000c40c0?, {0x109e820?, 0xc0001240e0?}, 0xf2eb56?)
	C:/Program Files/Go/src/net/http/server.go:2294 +0x29
net/http.(*ServeMux).ServeHTTP(0xd9bc99?, {0x109e820, 0xc0001240e0}, 0xc000182640)
	C:/Program Files/Go/src/net/http/server.go:2822 +0x1c4
net/http.serverHandler.ServeHTTP({0xc00009b950?}, {0x109e820?, 0xc0001240e0?}, 0x6?)
	C:/Program Files/Go/src/net/http/server.go:3301 +0x8e
net/http.(*conn).serve(0xc00010a120, {0x109eb58, 0xc00009b230})
	C:/Program Files/Go/src/net/http/server.go:2102 +0x625
created by net/http.(*Server).Serve in goroutine 1
	C:/Program Files/Go/src/net/http/server.go:3454 +0x485
.....2025/08/10 15:37:51 server.go:3638: http: panic serving [::1]:55687: runtime error: invalid memory address or nil pointer dereference
goroutine 38 [running]:
net/http.(*conn).serve.func1()
	C:/Program Files/Go/src/net/http/server.go:1947 +0xbe
panic({0xfdb380?, 0x1281b60?})
	C:/Program Files/Go/src/runtime/panic.go:792 +0x132
log.(*Logger).output(0xc0001300d0?, 0xc00014e000?, 0x2e?, 0xc0001241c0?)
	C:/Program Files/Go/src/log/log.go:203 +0x34
log.(*Logger).Output(0xc000111ab8?, 0x1?, {0xc000138060?, 0xc00011e0c0?})
	C:/Program Files/Go/src/log/log.go:195 +0x3c
log.(*Logger).Fatal(0x0, {0xc000111ab8?, 0x103b5e5?, 0x2d?})
	C:/Program Files/Go/src/log/log.go:283 +0x3b
github.com/Yandex-Practicum/go1fl-sprint6-final/internal/handlers.Handler2({0x109e820, 0xc0001241c0}, 0xc000182780)
	C:/Users/Евгений/Dev/Sprint6-final/Sprint6/internal/handlers/handlers.go:38 +0x146
net/http.HandlerFunc.ServeHTTP(0xc0000c40c0?, {0x109e820?, 0xc0001241c0?}, 0xf2eb56?)
	C:/Program Files/Go/src/net/http/server.go:2294 +0x29
net/http.(*ServeMux).ServeHTTP(0xd9bc99?, {0x109e820, 0xc0001241c0}, 0xc000182780)
	C:/Program Files/Go/src/net/http/server.go:2822 +0x1c4
net/http.serverHandler.ServeHTTP({0xc00009b9e0?}, {0x109e820?, 0xc0001241c0?}, 0x6?)
	C:/Program Files/Go/src/net/http/server.go:3301 +0x8e
net/http.(*conn).serve(0xc00010a240, {0x109eb58, 0xc00009b230})
	C:/Program Files/Go/src/net/http/server.go:2102 +0x625
created by net/http.(*Server).Serve in goroutine 1
	C:/Program Files/Go/src/net/http/server.go:3454 +0x485
.....2025/08/10 15:37:51 server.go:3638: http: panic serving [::1]:55688: runtime error: invalid memory address or nil pointer dereference
goroutine 4 [running]:
net/http.(*conn).serve.func1()
	C:/Program Files/Go/src/net/http/server.go:1947 +0xbe
panic({0xfdb380?, 0x1281b60?})
	C:/Program Files/Go/src/runtime/panic.go:792 +0x132
log.(*Logger).output(0xc0001300d0?, 0xc00014e000?, 0x2e?, 0xc0001242a0?)
	C:/Program Files/Go/src/log/log.go:203 +0x34
log.(*Logger).Output(0xc000117ab8?, 0x1?, {0xc000138090?, 0xc00011e120?})
	C:/Program Files/Go/src/log/log.go:195 +0x3c
log.(*Logger).Fatal(0x0, {0xc000117ab8?, 0x103b5e5?, 0x2d?})
	C:/Program Files/Go/src/log/log.go:283 +0x3b
github.com/Yandex-Practicum/go1fl-sprint6-final/internal/handlers.Handler2({0x109e820, 0xc0001242a0}, 0xc000150000)
	C:/Users/Евгений/Dev/Sprint6-final/Sprint6/internal/handlers/handlers.go:38 +0x146
net/http.HandlerFunc.ServeHTTP(0xc0000c40c0?, {0x109e820?, 0xc0001242a0?}, 0xf2eb56?)
	C:/Program Files/Go/src/net/http/server.go:2294 +0x29
net/http.(*ServeMux).ServeHTTP(0xd9bc99?, {0x109e820, 0xc0001242a0}, 0xc000150000)
	C:/Program Files/Go/src/net/http/server.go:2822 +0x1c4
net/http.serverHandler.ServeHTTP({0xc000106360?}, {0x109e820?, 0xc0001242a0?}, 0x6?)
	C:/Program Files/Go/src/net/http/server.go:3301 +0x8e
net/http.(*conn).serve(0xc00006a090, {0x109eb58, 0xc00009b230})
	C:/Program Files/Go/src/net/http/server.go:2102 +0x625
created by net/http.(*Server).Serve in goroutine 1
	C:/Program Files/Go/src/net/http/server.go:3454 +0x485
.....2025/08/10 15:37:51 server.go:3638: http: panic serving [::1]:55690: runtime error: invalid memory address or nil pointer dereference
goroutine 41 [running]:
net/http.(*conn).serve.func1()
	C:/Program Files/Go/src/net/http/server.go:1947 +0xbe
panic({0xfdb380?, 0x1281b60?})
	C:/Program Files/Go/src/runtime/panic.go:792 +0x132
log.(*Logger).output(0xc00002e1a0?, 0xc000210000?, 0x2e?, 0xc0000002a0?)
	C:/Program Files/Go/src/log/log.go:203 +0x34
log.(*Logger).Output(0xc000117ab8?, 0x1?, {0xc000012540?, 0xc0000300e0?})
	C:/Program Files/Go/src/log/log.go:195 +0x3c
log.(*Logger).Fatal(0x0, {0xc000117ab8?, 0x103b5e5?, 0x2d?})
	C:/Program Files/Go/src/log/log.go:283 +0x3b
github.com/Yandex-Practicum/go1fl-sprint6-final/internal/handlers.Handler2({0x109e820, 0xc0000002a0}, 0xc000216000)
	C:/Users/Евгений/Dev/Sprint6-final/Sprint6/internal/handlers/handlers.go:38 +0x146
net/http.HandlerFunc.ServeHTTP(0xc0000c40c0?, {0x109e820?, 0xc0000002a0?}, 0xf2eb56?)
	C:/Program Files/Go/src/net/http/server.go:2294 +0x29
net/http.(*ServeMux).ServeHTTP(0xd9bc99?, {0x109e820, 0xc0000002a0}, 0xc000216000)
	C:/Program Files/Go/src/net/http/server.go:2822 +0x1c4
net/http.serverHandler.ServeHTTP({0xc00002c1e0?}, {0x109e820?, 0xc0000002a0?}, 0x6?)
	C:/Program Files/Go/src/net/http/server.go:3301 +0x8e
net/http.(*conn).serve(0xc00010a3f0, {0x109eb58, 0xc00009b230})
	C:/Program Files/Go/src/net/http/server.go:2102 +0x625
created by net/http.(*Server).Serve in goroutine 1
	C:/Program Files/Go/src/net/http/server.go:3454 +0x485
.....2025/08/10 15:37:56 server.go:3638: http: panic serving [::1]:55691: runtime error: invalid memory address or nil pointer dereference
goroutine 25 [running]:
net/http.(*conn).serve.func1()
	C:/Program Files/Go/src/net/http/server.go:1947 +0xbe
panic({0xfdb380?, 0x1281b60?})
	C:/Program Files/Go/src/runtime/panic.go:792 +0x132
log.(*Logger).output(0xc0000a7110?, 0xc0000cc0a0?, 0x2e?, 0xc00018a1c0?)
	C:/Program Files/Go/src/log/log.go:203 +0x34
log.(*Logger).Output(0xc00021dab8?, 0x1?, {0xc0001a26f0?, 0xc00008a430?})
	C:/Program Files/Go/src/log/log.go:195 +0x3c
log.(*Logger).Fatal(0x0, {0xc00021dab8?, 0x103b5e5?, 0x2d?})
	C:/Program Files/Go/src/log/log.go:283 +0x3b
github.com/Yandex-Practicum/go1fl-sprint6-final/internal/handlers.Handler2({0x109e820, 0xc00018a1c0}, 0xc000216140)
	C:/Users/Евгений/Dev/Sprint6-final/Sprint6/internal/handlers/handlers.go:38 +0x146
net/http.HandlerFunc.ServeHTTP(0xc0000c40c0?, {0x109e820?, 0xc00018a1c0?}, 0xf2eb56?)
	C:/Program Files/Go/src/net/http/server.go:2294 +0x29
net/http.(*ServeMux).ServeHTTP(0xd9bc99?, {0x109e820, 0xc00018a1c0}, 0xc000216140)
	C:/Program Files/Go/src/net/http/server.go:2822 +0x1c4
net/http.serverHandler.ServeHTTP({0xc00002c360?}, {0x109e820?, 0xc00018a1c0?}, 0x6?)
	C:/Program Files/Go/src/net/http/server.go:3301 +0x8e
net/http.(*conn).serve(0xc0000e4510, {0x109eb58, 0xc00009b230})
	C:/Program Files/Go/src/net/http/server.go:2102 +0x625
created by net/http.(*Server).Serve in goroutine 1
	C:/Program Files/Go/src/net/http/server.go:3454 +0x485
.....2025/08/10 15:37:56 server.go:3638: http: panic serving [::1]:55692: runtime error: invalid memory address or nil pointer dereference
goroutine 6 [running]:
net/http.(*conn).serve.func1()
	C:/Program Files/Go/src/net/http/server.go:1947 +0xbe
panic({0xfdb380?, 0x1281b60?})
	C:/Program Files/Go/src/runtime/panic.go:792 +0x132
log.(*Logger).output(0xc0001300d0?, 0xc00014e000?, 0x2e?, 0xc000124380?)
	C:/Program Files/Go/src/log/log.go:203 +0x34
log.(*Logger).Output(0xc000117ab8?, 0x1?, {0xc0001380c0?, 0xc00011e180?})
	C:/Program Files/Go/src/log/log.go:195 +0x3c
log.(*Logger).Fatal(0x0, {0xc000117ab8?, 0x103b5e5?, 0x2d?})
	C:/Program Files/Go/src/log/log.go:283 +0x3b
github.com/Yandex-Practicum/go1fl-sprint6-final/internal/handlers.Handler2({0x109e820, 0xc000124380}, 0xc0001828c0)
	C:/Users/Евгений/Dev/Sprint6-final/Sprint6/internal/handlers/handlers.go:38 +0x146
net/http.HandlerFunc.ServeHTTP(0xc0000c40c0?, {0x109e820?, 0xc000124380?}, 0xf2eb56?)
	C:/Program Files/Go/src/net/http/server.go:2294 +0x29
net/http.(*ServeMux).ServeHTTP(0xd9bc99?, {0x109e820, 0xc000124380}, 0xc0001828c0)
	C:/Program Files/Go/src/net/http/server.go:2822 +0x1c4
net/http.serverHandler.ServeHTTP({0xc00009baa0?}, {0x109e820?, 0xc000124380?}, 0x6?)
	C:/Program Files/Go/src/net/http/server.go:3301 +0x8e
net/http.(*conn).serve(0xc00006a1b0, {0x109eb58, 0xc00009b230})
	C:/Program Files/Go/src/net/http/server.go:2102 +0x625
created by net/http.(*Server).Serve in goroutine 1
	C:/Program Files/Go/src/net/http/server.go:3454 +0x485
.....2025/08/10 15:37:56 server.go:3638: http: panic serving [::1]:55693: runtime error: invalid memory address or nil pointer dereference
goroutine 27 [running]:
net/http.(*conn).serve.func1()
	C:/Program Files/Go/src/net/http/server.go:1947 +0xbe
panic({0xfdb380?, 0x1281b60?})
	C:/Program Files/Go/src/runtime/panic.go:792 +0x132
log.(*Logger).output(0xc0000a7110?, 0xc0001b6000?, 0x2e?, 0xc00018a2a0?)
	C:/Program Files/Go/src/log/log.go:203 +0x34
log.(*Logger).Output(0xc00021dab8?, 0x1?, {0xc0001a2720?, 0xc00008a490?})
	C:/Program Files/Go/src/log/log.go:195 +0x3c
log.(*Logger).Fatal(0x0, {0xc00021dab8?, 0x103b5e5?, 0x2d?})
	C:/Program Files/Go/src/log/log.go:283 +0x3b
github.com/Yandex-Practicum/go1fl-sprint6-final/internal/handlers.Handler2({0x109e820, 0xc00018a2a0}, 0xc000150140)
	C:/Users/Евгений/Dev/Sprint6-final/Sprint6/internal/handlers/handlers.go:38 +0x146
net/http.HandlerFunc.ServeHTTP(0xc0000c40c0?, {0x109e820?, 0xc00018a2a0?}, 0xf2eb56?)
	C:/Program Files/Go/src/net/http/server.go:2294 +0x29
net/http.(*ServeMux).ServeHTTP(0xd9bc99?, {0x109e820, 0xc00018a2a0}, 0xc000150140)
	C:/Program Files/Go/src/net/http/server.go:2822 +0x1c4
net/http.serverHandler.ServeHTTP({0xc000106780?}, {0x109e820?, 0xc00018a2a0?}, 0x6?)
	C:/Program Files/Go/src/net/http/server.go:3301 +0x8e
net/http.(*conn).serve(0xc0000e4630, {0x109eb58, 0xc00009b230})
	C:/Program Files/Go/src/net/http/server.go:2102 +0x625
created by net/http.(*Server).Serve in goroutine 1
	C:/Program Files/Go/src/net/http/server.go:3454 +0x485
